<?xml version="1.0" encoding="UTF-8"?>
<!-- Generated by org.testng.reporters.JUnitReportReporter -->
<testsuite hostname="DESKTOP-RIAOKFJ" failures="0" tests="4" name="VITSExcercises.Excercises.Excercise5" time="21.203" errors="0" timestamp="2022-07-09T23:32:58 CDT" skipped="0">
  <testcase classname="VITSExcercises.Excercises.Excercise5" name="registration" time="13.943"/>
  <system-out/>
  <testcase classname="VITSExcercises.Excercises.Excercise5" name="selectBrowser" time="1.600"/>
  <system-out/>
  <testcase classname="VITSExcercises.Excercises.Excercise5" name="login" time="4.105"/>
  <system-out/>
  <testcase classname="VITSExcercises.Excercises.Excercise5" name="vitsHR" time="1.555"/>
  <system-out/>
</testsuite> <!-- VITSExcercises.Excercises.Excercise5 -->
