<?xml version="1.0" encoding="UTF-8"?>
<!-- Generated by org.testng.reporters.JUnitReportReporter -->
<testsuite hostname="DESKTOP-RIAOKFJ" failures="0" tests="3" name="VITSExcercises.Excercises.Excercise4" time="8.769" errors="0" timestamp="2022-07-07T23:57:49 CDT" skipped="0">
  <testcase classname="VITSExcercises.Excercises.Excercise4" name="ebay" time="1.587"/>
  <system-out/>
  <testcase classname="VITSExcercises.Excercises.Excercise4" name="search" time="5.684"/>
  <system-out/>
  <testcase classname="VITSExcercises.Excercises.Excercise4" name="selectBrowser" time="1.498"/>
  <system-out/>
</testsuite> <!-- VITSExcercises.Excercises.Excercise4 -->
