<?xml version="1.0" encoding="UTF-8"?>
<!-- Generated by org.testng.reporters.JUnitReportReporter -->
<testsuite hostname="DESKTOP-RIAOKFJ" failures="0" tests="4" name="VITSExcercises.Excercises.Excercise6" time="4.697" errors="0" timestamp="2022-07-11T01:23:00 CDT" skipped="0">
  <testcase classname="VITSExcercises.Excercises.Excercise6" name="DragandDrop" time="0.701"/>
  <system-out/>
  <testcase classname="VITSExcercises.Excercises.Excercise6" name="Launch" time="1.210"/>
  <system-out/>
  <testcase classname="VITSExcercises.Excercises.Excercise6" name="selectBrowser" time="2.701"/>
  <system-out/>
  <testcase classname="VITSExcercises.Excercises.Excercise6" name="VerifyDrop" time="0.085"/>
  <system-out/>
</testsuite> <!-- VITSExcercises.Excercises.Excercise6 -->
