<?xml version="1.0" encoding="UTF-8"?>
<!-- Generated by org.testng.reporters.JUnitReportReporter -->
<testsuite hostname="DESKTOP-RIAOKFJ" failures="0" tests="4" name="VITSExcercises.Excercises.Excercise7" time="10.861" errors="0" timestamp="2022-07-12T21:07:08 CDT" skipped="0">
  <testcase classname="VITSExcercises.Excercises.Excercise7" name="Launch" time="2.569"/>
  <system-out/>
  <testcase classname="VITSExcercises.Excercises.Excercise7" name="selectBrowser" time="3.127"/>
  <system-out/>
  <testcase classname="VITSExcercises.Excercises.Excercise7" name="GmailLogin" time="2.704"/>
  <system-out/>
  <testcase classname="VITSExcercises.Excercises.Excercise7" name="composeMail" time="2.461"/>
  <system-out/>
</testsuite> <!-- VITSExcercises.Excercises.Excercise7 -->
