<?xml version="1.0" encoding="UTF-8"?>
<!-- Generated by org.testng.reporters.JUnitReportReporter -->
<testsuite hostname="DESKTOP-RIAOKFJ" failures="0" tests="2" name="VITSExcercises.Excercises.Excercise1" time="1.806" errors="0" timestamp="2022-07-07T06:00:00 CDT" skipped="0">
  <testcase classname="VITSExcercises.Excercises.Excercise1" name="checkTitle" time="0.010"/>
  <system-out/>
  <testcase classname="VITSExcercises.Excercises.Excercise1" name="navigationTest" time="1.796"/>
  <system-out/>
</testsuite> <!-- VITSExcercises.Excercises.Excercise1 -->
